<?xml version="1.0" encoding="UTF-8"?>
<testsuite name="WebQuizEngineTest" tests="1" skipped="0" failures="1" errors="0" timestamp="2024-12-16T14:08:07" hostname="LAPTOP-M0HMFAU2" time="24.873">
  <properties/>
  <testcase name="start" classname="WebQuizEngineTest" time="24.873">
    <failure message="java.lang.AssertionError: Wrong answer in test #42&#10;&#10;GET /api/quizzes/completed?page=0 should respond with status code 200, responded: 403&#10;&#10;Response body:" type="java.lang.AssertionError">java.lang.AssertionError: Wrong answer in test #42

GET /api/quizzes/completed?page=0 should respond with status code 200, responded: 403

Response body:
	at org.junit.Assert.fail(Assert.java:89)
	at org.hyperskill.hstest.stage.StageTest.start(StageTest.java:208)
	at java.base/jdk.internal.reflect.DirectMethodHandleAccessor.invoke(DirectMethodHandleAccessor.java:103)
	at java.base/java.lang.reflect.Method.invoke(Method.java:580)
	at org.junit.runners.model.FrameworkMethod$1.runReflectiveCall(FrameworkMethod.java:59)
	at org.junit.internal.runners.model.ReflectiveCallable.run(ReflectiveCallable.java:12)
	at org.junit.runners.model.FrameworkMethod.invokeExplosively(FrameworkMethod.java:56)
	at org.junit.internal.runners.statements.InvokeMethod.evaluate(InvokeMethod.java:17)
	at org.junit.internal.runners.statements.RunAfters.evaluate(RunAfters.java:27)
	at org.junit.runners.ParentRunner$3.evaluate(ParentRunner.java:306)
	at org.junit.runners.BlockJUnit4ClassRunner$1.evaluate(BlockJUnit4ClassRunner.java:100)
	at org.junit.runners.ParentRunner.runLeaf(ParentRunner.java:366)
	at org.junit.runners.BlockJUnit4ClassRunner.runChild(BlockJUnit4ClassRunner.java:103)
	at org.junit.runners.BlockJUnit4ClassRunner.runChild(BlockJUnit4ClassRunner.java:63)
	at org.junit.runners.ParentRunner$4.run(ParentRunner.java:331)
	at org.junit.runners.ParentRunner$1.schedule(ParentRunner.java:79)
	at org.junit.runners.ParentRunner.runChildren(ParentRunner.java:329)
	at org.junit.runners.ParentRunner.access$100(ParentRunner.java:66)
	at org.junit.runners.ParentRunner$2.evaluate(ParentRunner.java:293)
	at org.junit.runners.ParentRunner$3.evaluate(ParentRunner.java:306)
	at org.junit.runners.ParentRunner.run(ParentRunner.java:413)
	at org.gradle.api.internal.tasks.testing.junit.JUnitTestClassExecutor.runTestClass(JUnitTestClassExecutor.java:112)
	at org.gradle.api.internal.tasks.testing.junit.JUnitTestClassExecutor.execute(JUnitTestClassExecutor.java:58)
	at org.gradle.api.internal.tasks.testing.junit.JUnitTestClassExecutor.execute(JUnitTestClassExecutor.java:40)
	at org.gradle.api.internal.tasks.testing.junit.AbstractJUnitTestClassProcessor.processTestClass(AbstractJUnitTestClassProcessor.java:60)
	at org.gradle.api.internal.tasks.testing.SuiteTestClassProcessor.processTestClass(SuiteTestClassProcessor.java:52)
	at java.base/jdk.internal.reflect.DirectMethodHandleAccessor.invoke(DirectMethodHandleAccessor.java:103)
	at java.base/java.lang.reflect.Method.invoke(Method.java:580)
	at org.gradle.internal.dispatch.ReflectionDispatch.dispatch(ReflectionDispatch.java:36)
	at org.gradle.internal.dispatch.ReflectionDispatch.dispatch(ReflectionDispatch.java:24)
	at org.gradle.internal.dispatch.ContextClassLoaderDispatch.dispatch(ContextClassLoaderDispatch.java:33)
	at org.gradle.internal.dispatch.ProxyDispatchAdapter$DispatchingInvocationHandler.invoke(ProxyDispatchAdapter.java:94)
	at jdk.proxy1/jdk.proxy1.$Proxy2.processTestClass(Unknown Source)
	at org.gradle.api.internal.tasks.testing.worker.TestWorker$2.run(TestWorker.java:176)
	at org.gradle.api.internal.tasks.testing.worker.TestWorker.executeAndMaintainThreadName(TestWorker.java:129)
	at org.gradle.api.internal.tasks.testing.worker.TestWorker.execute(TestWorker.java:100)
	at org.gradle.api.internal.tasks.testing.worker.TestWorker.execute(TestWorker.java:60)
	at org.gradle.process.internal.worker.child.ActionExecutionWorker.execute(ActionExecutionWorker.java:56)
	at org.gradle.process.internal.worker.child.SystemApplicationClassLoaderWorker.call(SystemApplicationClassLoaderWorker.java:113)
	at org.gradle.process.internal.worker.child.SystemApplicationClassLoaderWorker.call(SystemApplicationClassLoaderWorker.java:65)
	at worker.org.gradle.process.internal.worker.GradleWorkerMain.run(GradleWorkerMain.java:69)
	at worker.org.gradle.process.internal.worker.GradleWorkerMain.main(GradleWorkerMain.java:74)
</failure>
  </testcase>
  <system-out><![CDATA[?[1;31m
Start test 1?[0m
?[0;34m
?[0m?[0;34m  .   ____          _            __ _ _
?[0m?[0;34m /\\ / ___'_ __ _ _(_)_ __  __ _ \ \ \ \
?[0m?[0;34m( ( )\___ | '_ | '_| | '_ \/ _` | \ \ \ \
?[0m?[0;34m \\/  ___)| |_)| | | | | || (_| |  ) ) ) )
?[0m?[0;34m  '  |____| .__|_| |_|_| |_\__, | / / / /
?[0m?[0;34m =========|_|==============|___/=/_/_/_/
?[0m?[0;34m :: Spring Boot ::                (v3.2.0)
?[0m?[0;34m
?[0m?[0;34m2024-12-16T15:08:08.952+01:00  INFO 29516 --- [    Test worker] engine.WebQuizEngineKt                   : Starting WebQuizEngineKt using Java 21.0.5 with PID 29516 (started by jfran in C:\Users\jfran\Documents\Web Quiz Engine (Kotlin)\Web Quiz Engine (Kotlin)\task)
?[0m?[0;34m2024-12-16T15:08:08.959+01:00  INFO 29516 --- [    Test worker] engine.WebQuizEngineKt                   : No active profile set, falling back to 1 default profile: "default"
?[0m?[0;34m2024-12-16T15:08:12.106+01:00  INFO 29516 --- [    Test worker] .s.d.r.c.RepositoryConfigurationDelegate : Bootstrapping Spring Data JPA repositories in DEFAULT mode.
?[0m?[0;34m2024-12-16T15:08:12.261+01:00  INFO 29516 --- [    Test worker] .s.d.r.c.RepositoryConfigurationDelegate : Finished Spring Data repository scanning in 135 ms. Found 2 JPA repository interfaces.
?[0m?[0;34m2024-12-16T15:08:14.699+01:00  INFO 29516 --- [    Test worker] o.s.b.w.embedded.tomcat.TomcatWebServer  : Tomcat initialized with port 8889 (http)
?[0m?[0;34m2024-12-16T15:08:14.724+01:00  INFO 29516 --- [    Test worker] o.apache.catalina.core.StandardService   : Starting service [Tomcat]
?[0m?[0;34m2024-12-16T15:08:14.725+01:00  INFO 29516 --- [    Test worker] o.apache.catalina.core.StandardEngine    : Starting Servlet engine: [Apache Tomcat/10.1.16]
?[0m?[0;34m2024-12-16T15:08:14.850+01:00  INFO 29516 --- [    Test worker] o.a.c.c.C.[Tomcat].[localhost].[/]       : Initializing Spring embedded WebApplicationContext
?[0m?[0;34m2024-12-16T15:08:14.852+01:00  INFO 29516 --- [    Test worker] w.s.c.ServletWebServerApplicationContext : Root WebApplicationContext: initialization completed in 5761 ms
?[0m?[0;34m2024-12-16T15:08:15.268+01:00  INFO 29516 --- [    Test worker] com.zaxxer.hikari.HikariDataSource       : HikariPool-1 - Starting...
?[0m?[0;34m2024-12-16T15:08:15.975+01:00  INFO 29516 --- [    Test worker] com.zaxxer.hikari.pool.HikariPool        : HikariPool-1 - Added connection conn0: url=jdbc:h2:file:../quizdb user=SA
?[0m?[0;34m2024-12-16T15:08:15.981+01:00  INFO 29516 --- [    Test worker] com.zaxxer.hikari.HikariDataSource       : HikariPool-1 - Start completed.
?[0m?[0;34m2024-12-16T15:08:16.011+01:00  INFO 29516 --- [    Test worker] o.s.b.a.h2.H2ConsoleAutoConfiguration    : H2 console available at '/h2-console'. Database available at 'jdbc:h2:file:../quizdb'
?[0m?[0;34m2024-12-16T15:08:16.702+01:00  INFO 29516 --- [    Test worker] o.hibernate.jpa.internal.util.LogHelper  : HHH000204: Processing PersistenceUnitInfo [name: default]
?[0m?[0;34m2024-12-16T15:08:16.938+01:00  INFO 29516 --- [    Test worker] org.hibernate.Version                    : HHH000412: Hibernate ORM core version 6.3.1.Final
?[0m?[0;34m2024-12-16T15:08:17.067+01:00  INFO 29516 --- [    Test worker] o.h.c.internal.RegionFactoryInitiator    : HHH000026: Second-level cache disabled
?[0m?[0;34m2024-12-16T15:08:17.874+01:00  INFO 29516 --- [    Test worker] o.s.o.j.p.SpringPersistenceUnitInfo      : No LoadTimeWeaver setup: ignoring JPA class transformer
?[0m?[0;34m2024-12-16T15:08:18.043+01:00  WARN 29516 --- [    Test worker] org.hibernate.orm.deprecation            : HHH90000025: H2Dialect does not need to be specified explicitly using 'hibernate.dialect' (remove the property setting and it will be selected by default)
?[0m?[0;34m2024-12-16T15:08:19.870+01:00  INFO 29516 --- [    Test worker] o.h.e.t.j.p.i.JtaPlatformInitiator       : HHH000489: No JTA platform available (set 'hibernate.transaction.jta.platform' to enable JTA platform integration)
?[0m?[0;34m2024-12-16T15:08:20.001+01:00  INFO 29516 --- [    Test worker] j.LocalContainerEntityManagerFactoryBean : Initialized JPA EntityManagerFactory for persistence unit 'default'
?[0m?[0;34m2024-12-16T15:08:21.846+01:00  WARN 29516 --- [    Test worker] JpaBaseConfiguration$JpaWebConfiguration : spring.jpa.open-in-view is enabled by default. Therefore, database queries may be performed during view rendering. Explicitly configure spring.jpa.open-in-view to disable this warning
?[0m?[0;34m2024-12-16T15:08:23.604+01:00  INFO 29516 --- [    Test worker] o.s.b.a.e.web.EndpointLinksResolver      : Exposing 14 endpoint(s) beneath base path '/actuator'
?[0m?[0;34m2024-12-16T15:08:23.864+01:00  INFO 29516 --- [    Test worker] o.s.s.web.DefaultSecurityFilterChain     : Will secure any request with [org.springframework.security.web.session.DisableEncodeUrlFilter@25e01756, org.springframework.security.web.context.request.async.WebAsyncManagerIntegrationFilter@76093fa9, org.springframework.security.web.context.SecurityContextHolderFilter@8cc5602, org.springframework.security.web.header.HeaderWriterFilter@6a8d638, org.springframework.web.filter.CorsFilter@547d3e8e, org.springframework.security.web.authentication.logout.LogoutFilter@6af447b6, org.springframework.security.web.authentication.www.BasicAuthenticationFilter@47c14360, org.springframework.security.web.savedrequest.RequestCacheAwareFilter@3c971473, org.springframework.security.web.servletapi.SecurityContextHolderAwareRequestFilter@26abee34, org.springframework.security.web.authentication.AnonymousAuthenticationFilter@6f823df7, org.springframework.security.web.access.ExceptionTranslationFilter@1009a9b4, org.springframework.security.web.access.intercept.AuthorizationFilter@641bd93e]
?[0m?[0;34m2024-12-16T15:08:25.508+01:00  INFO 29516 --- [    Test worker] o.s.b.w.embedded.tomcat.TomcatWebServer  : Tomcat started on port 8889 (http) with context path ''
?[0m?[0;34m2024-12-16T15:08:25.539+01:00  INFO 29516 --- [    Test worker] engine.WebQuizEngineKt                   : Started WebQuizEngineKt in 17.477 seconds (process running for 19.481)
?[0;34m2024-12-16T15:08:26.539+01:00  INFO 29516 --- [nio-8889-exec-1] o.a.c.c.C.[Tomcat].[localhost].[/]       : Initializing Spring DispatcherServlet 'dispatcherServlet'
?[0m?[0;34m2024-12-16T15:08:26.540+01:00  INFO 29516 --- [nio-8889-exec-1] o.s.web.servlet.DispatcherServlet        : Initializing Servlet 'dispatcherServlet'
?[0m?[0;34m2024-12-16T15:08:26.544+01:00  INFO 29516 --- [nio-8889-exec-1] o.s.web.servlet.DispatcherServlet        : Completed initialization in 3 ms
?[0m?[0;34m2024-12-16T15:08:26.629+01:00  WARN 29516 --- [nio-8889-exec-1] o.s.w.s.h.HandlerMappingIntrospector     : Cache miss for REQUEST dispatch to '/api/register' (previous null). Performing CorsConfiguration lookup. This is logged once only at WARN level, and every time at TRACE.
?[0m?[0;34m2024-12-16T15:08:26.659+01:00  WARN 29516 --- [nio-8889-exec-1] o.s.w.s.h.HandlerMappingIntrospector     : Cache miss for REQUEST dispatch to '/api/register' (previous null). Performing MatchableHandlerMapping lookup. This is logged once only at WARN level, and every time at TRACE.
?[0m?[0;34mhola
?[0m?[0;34mhola1
?[0m?[0;34mhola2
?[0m?[0;34mhola3
?[0m?[1;31m
Start test 2?[0m
?[0;34mhola
?[0m?[0;34mhola1
?[0m?[0;34mhola2
?[0m?[0;34mhola3
?[1;31m
Start test 3?[0m
?[0;34mhola
?[0m?[0;34merrorEmail
?[1;31m
Start test 4?[0m
?[0;34mhola
?[0m?[0;34merrorEmail
?[1;31m
Start test 5?[0m
?[0;34mhola
?[0m?[0;34mhola1
?[1;31m
Start test 6?[0m
?[0;34mhola
?[0m?[0;34mhola1
?[0m?[0;34mhola2
?[1;31m
Start test 7?[0m
?[0;34mhola
?[0m?[0;34mhola1
?[0m?[0;34mhola2
?[1;31m
Start test 8?[0m
?[1;31m
Start test 9?[0m
?[1;31m
Start test 10?[0m
?[1;31m
Start test 11?[0m
?[1;31m
Start test 12?[0m
?[1;31m
Start test 13?[0m
?[1;31m
Start test 14?[0m
?[1;31m
Start test 15?[0m
?[1;31m
Start test 16?[0m
?[1;31m
Start test 17?[0m
?[1;31m
Start test 18?[0m
?[1;31m
Start test 19?[0m
?[1;31m
Start test 20?[0m
?[1;31m
Start test 21?[0m
?[1;31m
Start test 22?[0m
?[1;31m
Start test 23?[0m
?[1;31m
Start test 24?[0m
?[1;31m
Start test 25?[0m
?[1;31m
Start test 26?[0m
?[1;31m
Start test 27?[0m
?[1;31m
Start test 28?[0m
?[1;31m
Start test 29?[0m
?[1;31m
Start test 30?[0m
?[1;31m
Start test 31?[0m
?[1;31m
Start test 32?[0m
?[1;31m
Start test 33?[0m
?[1;31m
Start test 34?[0m
?[1;31m
Start test 35?[0m
?[1;31m
Start test 36?[0m
?[1;31m
Start test 37?[0m
?[1;31m
Start test 38?[0m
?[1;31m
Start test 39?[0m
?[1;31m
Start test 40?[0m
?[1;31m
Start test 41?[0m
?[1;31m
Start test 42?[0m
?[0m?[0;34m2024-12-16T15:08:32.048+01:00  WARN 29516 --- [nio-8889-exec-3] .w.s.m.s.DefaultHandlerExceptionResolver : Resolved [org.springframework.web.method.annotation.MethodArgumentTypeMismatchException: Failed to convert value of type 'java.lang.String' to required type 'long'; For input string: "completed"]
]]></system-out>
  <system-err><![CDATA[]]></system-err>
</testsuite>
